<?xml version="1.0" encoding="UTF-8"?>
<!-- Generated by org.testng.reporters.JUnitXMLReporter -->
<testsuite ignored="0" hostname="DESKTOP-PP8RICL" failures="0" tests="2" name="Test" time="25.489" errors="0" timestamp="2025-01-23T18:50:44 BDT">
  <testcase classname="testCases.TC001_UserRegistrationWithValidData" name="verify_UserRegistrationWithValidData" time="7.135"/>
  <testcase classname="testCases.TC002_UserLoginWithRegisteredCredentials" name="verify_UserLoginWithRegisteredCredentials" time="5.192"/>
</testsuite> <!-- Test -->
